{
  "numTotalTestSuites": 97,
  "numPassedTestSuites": 97,
  "numFailedTestSuites": 0,
  "numPendingTestSuites": 0,
  "numTotalTests": 306,
  "numPassedTests": 306,
  "numFailedTests": 0,
  "numPendingTests": 0,
  "numTodoTests": 0,
  "snapshot": {
    "added": 0,
    "failure": false,
    "filesAdded": 0,
    "filesRemoved": 0,
    "filesRemovedList": [],
    "filesUnmatched": 0,
    "filesUpdated": 0,
    "matched": 0,
    "total": 0,
    "unchecked": 0,
    "uncheckedKeysByFile": [],
    "unmatched": 0,
    "updated": 0,
    "didUpdate": false
  },
  "startTime": 1768425328125,
  "success": true,
  "testResults": [
    {
      "assertionResults": [
        {
          "ancestorTitles": ["auth credential verification"],
          "fullName": "auth credential verification accepts valid credentials",
          "status": "passed",
          "title": "accepts valid credentials",
          "duration": 52.24410000000012,
          "failureMessages": [],
          "meta": {}
        },
        {
          "ancestorTitles": ["auth credential verification"],
          "fullName": "auth credential verification rejects a wrong password",
          "status": "passed",
          "title": "rejects a wrong password",
          "duration": 49.201899999999796,
          "failureMessages": [],
          "meta": {}
        },
        {
          "ancestorTitles": ["auth credential verification"],
          "fullName": "auth credential verification rejects an unexpected email",
          "status": "passed",
          "title": "rejects an unexpected email",
          "duration": 0.09940000000005966,
          "failureMessages": [],
          "meta": {}
        },
        {
          "ancestorTitles": ["password reset action"],
          "fullName": "password reset action returns a friendly confirmation for known inboxes",
          "status": "passed",
          "title": "returns a friendly confirmation for known inboxes",
          "duration": 1.1996000000001459,
          "failureMessages": [],
          "meta": {}
        },
        {
          "ancestorTitles": ["password reset action"],
          "fullName": "password reset action flags unknown inboxes",
          "status": "passed",
          "title": "flags unknown inboxes",
          "duration": 0.15980000000013206,
          "failureMessages": [],
          "meta": {}
        }
      ],
      "startTime": 1768425329676,
      "endTime": 1768425329779.1997,
      "status": "passed",
      "message": "",
      "name": "C:/Users/avife/expense-track/tests/auth-actions.test.ts"
    },
    {
      "assertionResults": [
        {
          "ancestorTitles": ["upsertBudgetAction"],
          "fullName": "upsertBudgetAction should fail when session is missing",
          "status": "passed",
          "title": "should fail when session is missing",
          "duration": 3.2655999999999494,
          "failureMessages": [],
          "meta": {}
        },
        {
          "ancestorTitles": ["upsertBudgetAction"],
          "fullName": "upsertBudgetAction should fail when user does not have access to account",
          "status": "passed",
          "title": "should fail when user does not have access to account",
          "duration": 0.7765000000001692,
          "failureMessages": [],
          "meta": {}
        },
        {
          "ancestorTitles": ["upsertBudgetAction"],
          "fullName": "upsertBudgetAction should successfully create a new budget",
          "status": "passed",
          "title": "should successfully create a new budget",
          "duration": 1.770200000000159,
          "failureMessages": [],
          "meta": {}
        },
        {
          "ancestorTitles": ["upsertBudgetAction"],
          "fullName": "upsertBudgetAction should reject negative planned amount",
          "status": "passed",
          "title": "should reject negative planned amount",
          "duration": 0.40879999999992833,
          "failureMessages": [],
          "meta": {}
        },
        {
          "ancestorTitles": ["upsertBudgetAction"],
          "fullName": "upsertBudgetAction should handle budget update",
          "status": "passed",
          "title": "should handle budget update",
          "duration": 0.26070000000004256,
          "failureMessages": [],
          "meta": {}
        },
        {
          "ancestorTitles": ["deleteBudgetAction"],
          "fullName": "deleteBudgetAction should fail when session is missing",
          "status": "passed",
          "title": "should fail when session is missing",
          "duration": 0.41669999999999163,
          "failureMessages": [],
          "meta": {}
        },
        {
          "ancestorTitles": ["deleteBudgetAction"],
          "fullName": "deleteBudgetAction should successfully delete a budget",
          "status": "passed",
          "title": "should successfully delete a budget",
          "duration": 0.3773999999998523,
          "failureMessages": [],
          "meta": {}
        },
        {
          "ancestorTitles": ["deleteBudgetAction"],
          "fullName": "deleteBudgetAction should handle database error gracefully",
          "status": "passed",
          "title": "should handle database error gracefully",
          "duration": 2.405300000000125,
          "failureMessages": [],
          "meta": {}
        }
      ],
      "startTime": 1768425329651,
      "endTime": 1768425329660.4053,
      "status": "passed",
      "message": "",
      "name": "C:/Users/avife/expense-track/tests/budget-actions.test.ts"
    },
    {
      "assertionResults": [
        {
          "ancestorTitles": ["createCategoryAction"],
          "fullName": "createCategoryAction should successfully create a category",
          "status": "passed",
          "title": "should successfully create a category",
          "duration": 2.795899999999847,
          "failureMessages": [],
          "meta": {}
        },
        {
          "ancestorTitles": ["createCategoryAction"],
          "fullName": "createCategoryAction should handle null color",
          "status": "passed",
          "title": "should handle null color",
          "duration": 0.2606999999998152,
          "failureMessages": [],
          "meta": {}
        },
        {
          "ancestorTitles": ["createCategoryAction"],
          "fullName": "createCategoryAction should reject category with name too short",
          "status": "passed",
          "title": "should reject category with name too short",
          "duration": 0.511199999999917,
          "failureMessages": [],
          "meta": {}
        },
        {
          "ancestorTitles": ["createCategoryAction"],
          "fullName": "createCategoryAction should handle duplicate category error",
          "status": "passed",
          "title": "should handle duplicate category error",
          "duration": 2.5474000000001524,
          "failureMessages": [],
          "meta": {}
        },
        {
          "ancestorTitles": ["createCategoryAction"],
          "fullName": "createCategoryAction should create INCOME category",
          "status": "passed",
          "title": "should create INCOME category",
          "duration": 0.15460000000007312,
          "failureMessages": [],
          "meta": {}
        },
        {
          "ancestorTitles": ["archiveCategoryAction"],
          "fullName": "archiveCategoryAction should successfully archive a category",
          "status": "passed",
          "title": "should successfully archive a category",
          "duration": 0.4150999999999385,
          "failureMessages": [],
          "meta": {}
        },
        {
          "ancestorTitles": ["archiveCategoryAction"],
          "fullName": "archiveCategoryAction should successfully unarchive a category",
          "status": "passed",
          "title": "should successfully unarchive a category",
          "duration": 0.14949999999998909,
          "failureMessages": [],
          "meta": {}
        },
        {
          "ancestorTitles": ["archiveCategoryAction"],
          "fullName": "archiveCategoryAction should handle category not found error",
          "status": "passed",
          "title": "should handle category not found error",
          "duration": 0.44909999999981665,
          "failureMessages": [],
          "meta": {}
        },
        {
          "ancestorTitles": ["archiveCategoryAction"],
          "fullName": "archiveCategoryAction should reject missing id",
          "status": "passed",
          "title": "should reject missing id",
          "duration": 0.19050000000015643,
          "failureMessages": [],
          "meta": {}
        }
      ],
      "startTime": 1768425329653,
      "endTime": 1768425329660.4492,
      "status": "passed",
      "message": "",
      "name": "C:/Users/avife/expense-track/tests/category-actions.test.ts"
    },
    {
      "assertionResults": [
        {
          "ancestorTitles": ["CSRF Token Library", "getCsrfToken"],
          "fullName": "CSRF Token Library getCsrfToken generates new token if none exists",
          "status": "passed",
          "title": "generates new token if none exists",
          "duration": 3.033200000000022,
          "failureMessages": [],
          "meta": {}
        },
        {
          "ancestorTitles": ["CSRF Token Library", "getCsrfToken"],
          "fullName": "CSRF Token Library getCsrfToken returns existing valid token from cookie",
          "status": "passed",
          "title": "returns existing valid token from cookie",
          "duration": 0.29570000000001073,
          "failureMessages": [],
          "meta": {}
        },
        {
          "ancestorTitles": ["CSRF Token Library", "getCsrfToken"],
          "fullName": "CSRF Token Library getCsrfToken regenerates if cookie signature is invalid",
          "status": "passed",
          "title": "regenerates if cookie signature is invalid",
          "duration": 0.20470000000000255,
          "failureMessages": [],
          "meta": {}
        },
        {
          "ancestorTitles": ["CSRF Token Library", "getCsrfToken"],
          "fullName": "CSRF Token Library getCsrfToken regenerates if cookie format is malformed",
          "status": "passed",
          "title": "regenerates if cookie format is malformed",
          "duration": 0.12709999999998445,
          "failureMessages": [],
          "meta": {}
        },
        {
          "ancestorTitles": ["CSRF Token Library", "validateCsrfToken"],
          "fullName": "CSRF Token Library validateCsrfToken returns true for valid matching token",
          "status": "passed",
          "title": "returns true for valid matching token",
          "duration": 0.17090000000001737,
          "failureMessages": [],
          "meta": {}
        },
        {
          "ancestorTitles": ["CSRF Token Library", "validateCsrfToken"],
          "fullName": "CSRF Token Library validateCsrfToken returns false for mismatched token",
          "status": "passed",
          "title": "returns false for mismatched token",
          "duration": 0.12330000000002883,
          "failureMessages": [],
          "meta": {}
        },
        {
          "ancestorTitles": ["CSRF Token Library", "validateCsrfToken"],
          "fullName": "CSRF Token Library validateCsrfToken returns false if no token submitted",
          "status": "passed",
          "title": "returns false if no token submitted",
          "duration": 0.07130000000000791,
          "failureMessages": [],
          "meta": {}
        },
        {
          "ancestorTitles": ["CSRF Token Library", "validateCsrfToken"],
          "fullName": "CSRF Token Library validateCsrfToken returns false for null token",
          "status": "passed",
          "title": "returns false for null token",
          "duration": 0.05469999999996844,
          "failureMessages": [],
          "meta": {}
        },
        {
          "ancestorTitles": ["CSRF Token Library", "validateCsrfToken"],
          "fullName": "CSRF Token Library validateCsrfToken returns false for empty string token",
          "status": "passed",
          "title": "returns false for empty string token",
          "duration": 0.06489999999996598,
          "failureMessages": [],
          "meta": {}
        },
        {
          "ancestorTitles": ["CSRF Token Library", "validateCsrfToken"],
          "fullName": "CSRF Token Library validateCsrfToken returns false if no cookie exists",
          "status": "passed",
          "title": "returns false if no cookie exists",
          "duration": 0.05020000000001801,
          "failureMessages": [],
          "meta": {}
        },
        {
          "ancestorTitles": ["CSRF Token Library", "validateCsrfToken"],
          "fullName": "CSRF Token Library validateCsrfToken returns false if cookie signature is invalid",
          "status": "passed",
          "title": "returns false if cookie signature is invalid",
          "duration": 0.08379999999999654,
          "failureMessages": [],
          "meta": {}
        },
        {
          "ancestorTitles": ["CSRF Token Library", "validateCsrfToken"],
          "fullName": "CSRF Token Library validateCsrfToken returns false if cookie format is malformed",
          "status": "passed",
          "title": "returns false if cookie format is malformed",
          "duration": 0.056300000000021555,
          "failureMessages": [],
          "meta": {}
        },
        {
          "ancestorTitles": ["CSRF Token Library", "rotateCsrfToken"],
          "fullName": "CSRF Token Library rotateCsrfToken deletes old token and generates new one",
          "status": "passed",
          "title": "deletes old token and generates new one",
          "duration": 0.22939999999999827,
          "failureMessages": [],
          "meta": {}
        },
        {
          "ancestorTitles": ["CSRF Token Library", "rotateCsrfToken"],
          "fullName": "CSRF Token Library rotateCsrfToken generates different token on rotation",
          "status": "passed",
          "title": "generates different token on rotation",
          "duration": 0.3021999999999707,
          "failureMessages": [],
          "meta": {}
        },
        {
          "ancestorTitles": ["CSRF Token Library", "Security properties"],
          "fullName": "CSRF Token Library Security properties generates cryptographically random tokens",
          "status": "passed",
          "title": "generates cryptographically random tokens",
          "duration": 1.1843000000000075,
          "failureMessages": [],
          "meta": {}
        },
        {
          "ancestorTitles": ["CSRF Token Library", "Security properties"],
          "fullName": "CSRF Token Library Security properties signs tokens with HMAC to prevent tampering",
          "status": "passed",
          "title": "signs tokens with HMAC to prevent tampering",
          "duration": 0.19429999999999836,
          "failureMessages": [],
          "meta": {}
        },
        {
          "ancestorTitles": ["CSRF Token Library", "Security properties"],
          "fullName": "CSRF Token Library Security properties handles timing attack attempts gracefully",
          "status": "passed",
          "title": "handles timing attack attempts gracefully",
          "duration": 0.11070000000000846,
          "failureMessages": [],
          "meta": {}
        },
        {
          "ancestorTitles": ["CSRF Token Library", "Cookie configuration"],
          "fullName": "CSRF Token Library Cookie configuration sets httpOnly flag to prevent JavaScript access",
          "status": "passed",
          "title": "sets httpOnly flag to prevent JavaScript access",
          "duration": 0.10290000000003374,
          "failureMessages": [],
          "meta": {}
        },
        {
          "ancestorTitles": ["CSRF Token Library", "Cookie configuration"],
          "fullName": "CSRF Token Library Cookie configuration sets sameSite to lax for CSRF protection",
          "status": "passed",
          "title": "sets sameSite to lax for CSRF protection",
          "duration": 0.10309999999998354,
          "failureMessages": [],
          "meta": {}
        },
        {
          "ancestorTitles": ["CSRF Token Library", "Cookie configuration"],
          "fullName": "CSRF Token Library Cookie configuration sets path to root",
          "status": "passed",
          "title": "sets path to root",
          "duration": 0.08670000000000755,
          "failureMessages": [],
          "meta": {}
        },
        {
          "ancestorTitles": ["CSRF Token Library", "Cookie configuration"],
          "fullName": "CSRF Token Library Cookie configuration sets 30-day expiry",
          "status": "passed",
          "title": "sets 30-day expiry",
          "duration": 0.07210000000003447,
          "failureMessages": [],
          "meta": {}
        },
        {
          "ancestorTitles": ["CSRF Token Library", "Cookie configuration"],
          "fullName": "CSRF Token Library Cookie configuration sets secure flag in production",
          "status": "passed",
          "title": "sets secure flag in production",
          "duration": 0.20460000000002765,
          "failureMessages": [],
          "meta": {}
        },
        {
          "ancestorTitles": ["CSRF Token Library", "Cookie configuration"],
          "fullName": "CSRF Token Library Cookie configuration does not set secure flag in development",
          "status": "passed",
          "title": "does not set secure flag in development",
          "duration": 0.12880000000001246,
          "failureMessages": [],
          "meta": {}
        }
      ],
      "startTime": 1768425328640,
      "endTime": 1768425328647.2046,
      "status": "passed",
      "message": "",
      "name": "C:/Users/avife/expense-track/tests/csrf.test.ts"
    },
    {
      "assertionResults": [
        {
          "ancestorTitles": ["currency.ts", "convertAmountWithCache()"],
          "fullName": "currency.ts convertAmountWithCache() should return original amount for same currency",
          "status": "passed",
          "title": "should return original amount for same currency",
          "duration": 1.5550000000000637,
          "failureMessages": [],
          "meta": {}
        },
        {
          "ancestorTitles": ["currency.ts", "convertAmountWithCache()"],
          "fullName": "currency.ts convertAmountWithCache() should convert amount using cached rate",
          "status": "passed",
          "title": "should convert amount using cached rate",
          "duration": 0.20250000000010004,
          "failureMessages": [],
          "meta": {}
        },
        {
          "ancestorTitles": ["currency.ts", "convertAmountWithCache()"],
          "fullName": "currency.ts convertAmountWithCache() should round to 2 decimal places",
          "status": "passed",
          "title": "should round to 2 decimal places",
          "duration": 11.822200000000066,
          "failureMessages": [],
          "meta": {}
        },
        {
          "ancestorTitles": ["currency.ts", "convertAmountWithCache()"],
          "fullName": "currency.ts convertAmountWithCache() should return original amount if rate not in cache",
          "status": "passed",
          "title": "should return original amount if rate not in cache",
          "duration": 1.4767000000001644,
          "failureMessages": [],
          "meta": {}
        },
        {
          "ancestorTitles": ["currency.ts", "convertAmountWithCache()"],
          "fullName": "currency.ts convertAmountWithCache() should handle rounding edge case 0.005 rounds up",
          "status": "passed",
          "title": "should handle rounding edge case 0.005 rounds up",
          "duration": 0.2763999999999669,
          "failureMessages": [],
          "meta": {}
        },
        {
          "ancestorTitles": ["currency.ts", "convertAmountWithCache()"],
          "fullName": "currency.ts convertAmountWithCache() should handle rounding edge case 0.004 rounds down",
          "status": "passed",
          "title": "should handle rounding edge case 0.004 rounds down",
          "duration": 0.1349999999999909,
          "failureMessages": [],
          "meta": {}
        },
        {
          "ancestorTitles": ["currency.ts", "getLastUpdateTime()"],
          "fullName": "currency.ts getLastUpdateTime() should return null when no rates exist",
          "status": "passed",
          "title": "should return null when no rates exist",
          "duration": 0.9188999999998941,
          "failureMessages": [],
          "meta": {}
        },
        {
          "ancestorTitles": ["currency.ts", "getLastUpdateTime()"],
          "fullName": "currency.ts getLastUpdateTime() should return most recent fetchedAt date",
          "status": "passed",
          "title": "should return most recent fetchedAt date",
          "duration": 1.0851000000000113,
          "failureMessages": [],
          "meta": {}
        },
        {
          "ancestorTitles": ["currency.ts", "fetchExchangeRates()"],
          "fullName": "currency.ts fetchExchangeRates() should fetch rates from Frankfurter API",
          "status": "passed",
          "title": "should fetch rates from Frankfurter API",
          "duration": 1.8619000000001051,
          "failureMessages": [],
          "meta": {}
        },
        {
          "ancestorTitles": ["currency.ts", "fetchExchangeRates()"],
          "fullName": "currency.ts fetchExchangeRates() should deduplicate concurrent requests",
          "status": "passed",
          "title": "should deduplicate concurrent requests",
          "duration": 0.35350000000016735,
          "failureMessages": [],
          "meta": {}
        },
        {
          "ancestorTitles": ["currency.ts", "fetchExchangeRates()"],
          "fullName": "currency.ts fetchExchangeRates() should throw error on non-200 response",
          "status": "passed",
          "title": "should throw error on non-200 response",
          "duration": 1.154399999999896,
          "failureMessages": [],
          "meta": {}
        },
        {
          "ancestorTitles": ["currency.ts", "fetchExchangeRates()"],
          "fullName": "currency.ts fetchExchangeRates() should throw error on network failure",
          "status": "passed",
          "title": "should throw error on network failure",
          "duration": 0.2880000000000109,
          "failureMessages": [],
          "meta": {}
        },
        {
          "ancestorTitles": ["currency.ts", "fetchExchangeRates()"],
          "fullName": "currency.ts fetchExchangeRates() should clean up in-flight request after completion",
          "status": "passed",
          "title": "should clean up in-flight request after completion",
          "duration": 0.19970000000012078,
          "failureMessages": [],
          "meta": {}
        },
        {
          "ancestorTitles": ["currency.ts", "fetchExchangeRates()"],
          "fullName": "currency.ts fetchExchangeRates() should clean up in-flight request even on error",
          "status": "passed",
          "title": "should clean up in-flight request even on error",
          "duration": 0.2237999999999829,
          "failureMessages": [],
          "meta": {}
        },
        {
          "ancestorTitles": ["currency.ts", "getExchangeRate()"],
          "fullName": "currency.ts getExchangeRate() should return 1 for same currency conversion",
          "status": "passed",
          "title": "should return 1 for same currency conversion",
          "duration": 0.2924000000000433,
          "failureMessages": [],
          "meta": {}
        },
        {
          "ancestorTitles": ["currency.ts", "getExchangeRate()"],
          "fullName": "currency.ts getExchangeRate() should return cached rate if available",
          "status": "passed",
          "title": "should return cached rate if available",
          "duration": 0.22049999999990177,
          "failureMessages": [],
          "meta": {}
        },
        {
          "ancestorTitles": ["currency.ts", "getExchangeRate()"],
          "fullName": "currency.ts getExchangeRate() should fetch and cache rate if not in cache",
          "status": "passed",
          "title": "should fetch and cache rate if not in cache",
          "duration": 1.0343000000000302,
          "failureMessages": [],
          "meta": {}
        },
        {
          "ancestorTitles": ["currency.ts", "getExchangeRate()"],
          "fullName": "currency.ts getExchangeRate() should throw error if rate missing in API response",
          "status": "passed",
          "title": "should throw error if rate missing in API response",
          "duration": 0.8433999999999742,
          "failureMessages": [],
          "meta": {}
        },
        {
          "ancestorTitles": ["currency.ts", "getExchangeRate()"],
          "fullName": "currency.ts getExchangeRate() should fallback to stale rate on API failure",
          "status": "passed",
          "title": "should fallback to stale rate on API failure",
          "duration": 0.9480000000000928,
          "failureMessages": [],
          "meta": {}
        },
        {
          "ancestorTitles": ["currency.ts", "getExchangeRate()"],
          "fullName": "currency.ts getExchangeRate() should throw error if no fallback available",
          "status": "passed",
          "title": "should throw error if no fallback available",
          "duration": 0.30970000000002074,
          "failureMessages": [],
          "meta": {}
        },
        {
          "ancestorTitles": ["currency.ts", "getExchangeRate()"],
          "fullName": "currency.ts getExchangeRate() should normalize date to start of day",
          "status": "passed",
          "title": "should normalize date to start of day",
          "duration": 0.29549999999994725,
          "failureMessages": [],
          "meta": {}
        },
        {
          "ancestorTitles": ["currency.ts", "convertAmount()"],
          "fullName": "currency.ts convertAmount() should return original amount for same currency",
          "status": "passed",
          "title": "should return original amount for same currency",
          "duration": 0.14420000000018263,
          "failureMessages": [],
          "meta": {}
        },
        {
          "ancestorTitles": ["currency.ts", "convertAmount()"],
          "fullName": "currency.ts convertAmount() should convert and round to 2 decimal places",
          "status": "passed",
          "title": "should convert and round to 2 decimal places",
          "duration": 0.14460000000008222,
          "failureMessages": [],
          "meta": {}
        },
        {
          "ancestorTitles": ["currency.ts", "convertAmount()"],
          "fullName": "currency.ts convertAmount() should handle rounding: 0.005 rounds up to 0.01",
          "status": "passed",
          "title": "should handle rounding: 0.005 rounds up to 0.01",
          "duration": 0.12239999999997053,
          "failureMessages": [],
          "meta": {}
        },
        {
          "ancestorTitles": ["currency.ts", "convertAmount()"],
          "fullName": "currency.ts convertAmount() should handle rounding: 0.004 rounds down to 0.00",
          "status": "passed",
          "title": "should handle rounding: 0.004 rounds down to 0.00",
          "duration": 0.1289999999999054,
          "failureMessages": [],
          "meta": {}
        },
        {
          "ancestorTitles": ["currency.ts", "convertAmount()"],
          "fullName": "currency.ts convertAmount() should handle large amounts",
          "status": "passed",
          "title": "should handle large amounts",
          "duration": 0.133199999999988,
          "failureMessages": [],
          "meta": {}
        },
        {
          "ancestorTitles": ["currency.ts", "convertAmount()"],
          "fullName": "currency.ts convertAmount() should handle small amounts",
          "status": "passed",
          "title": "should handle small amounts",
          "duration": 0.11300000000005639,
          "failureMessages": [],
          "meta": {}
        },
        {
          "ancestorTitles": ["currency.ts", "refreshExchangeRates()"],
          "fullName": "currency.ts refreshExchangeRates() should fetch and store rates for all currency pairs",
          "status": "passed",
          "title": "should fetch and store rates for all currency pairs",
          "duration": 1.048799999999801,
          "failureMessages": [],
          "meta": {}
        },
        {
          "ancestorTitles": ["currency.ts", "refreshExchangeRates()"],
          "fullName": "currency.ts refreshExchangeRates() should return error on API failure",
          "status": "passed",
          "title": "should return error on API failure",
          "duration": 0.4933000000000902,
          "failureMessages": [],
          "meta": {}
        },
        {
          "ancestorTitles": ["currency.ts", "refreshExchangeRates()"],
          "fullName": "currency.ts refreshExchangeRates() should handle unknown error gracefully",
          "status": "passed",
          "title": "should handle unknown error gracefully",
          "duration": 0.25710000000003674,
          "failureMessages": [],
          "meta": {}
        },
        {
          "ancestorTitles": ["currency.ts", "batchLoadExchangeRates()"],
          "fullName": "currency.ts batchLoadExchangeRates() should load all rates for a given date",
          "status": "passed",
          "title": "should load all rates for a given date",
          "duration": 0.4126000000001113,
          "failureMessages": [],
          "meta": {}
        },
        {
          "ancestorTitles": ["currency.ts", "batchLoadExchangeRates()"],
          "fullName": "currency.ts batchLoadExchangeRates() should use fallback rates if none exist for target date",
          "status": "passed",
          "title": "should use fallback rates if none exist for target date",
          "duration": 0.25090000000000146,
          "failureMessages": [],
          "meta": {}
        },
        {
          "ancestorTitles": ["currency.ts", "batchLoadExchangeRates()"],
          "fullName": "currency.ts batchLoadExchangeRates() should return only identity rates if no rates in database",
          "status": "passed",
          "title": "should return only identity rates if no rates in database",
          "duration": 0.18659999999999854,
          "failureMessages": [],
          "meta": {}
        },
        {
          "ancestorTitles": ["currency.ts", "batchLoadExchangeRates()"],
          "fullName": "currency.ts batchLoadExchangeRates() should normalize date to start of day",
          "status": "passed",
          "title": "should normalize date to start of day",
          "duration": 0.26329999999984466,
          "failureMessages": [],
          "meta": {}
        }
      ],
      "startTime": 1768425329397,
      "endTime": 1768425329427.2632,
      "status": "passed",
      "message": "",
      "name": "C:/Users/avife/expense-track/tests/currency.test.ts"
    },
    {
      "assertionResults": [
        {
          "ancestorTitles": ["normalizeDateInput"],
          "fullName": "normalizeDateInput converts ISO date strings to UTC midnight",
          "status": "passed",
          "title": "converts ISO date strings to UTC midnight",
          "duration": 1.9889000000000578,
          "failureMessages": [],
          "meta": {}
        },
        {
          "ancestorTitles": ["normalizeDateInput"],
          "fullName": "normalizeDateInput returns null for malformed inputs",
          "status": "passed",
          "title": "returns null for malformed inputs",
          "duration": 0.20199999999999818,
          "failureMessages": [],
          "meta": {}
        }
      ],
      "startTime": 1768425329370,
      "endTime": 1768425329372.202,
      "status": "passed",
      "message": "",
      "name": "C:/Users/avife/expense-track/tests/dashboard-date-input.test.ts"
    },
    {
      "assertionResults": [
        {
          "ancestorTitles": ["dashboard-ux helpers"],
          "fullName": "dashboard-ux helpers filters budgets by account and type",
          "status": "passed",
          "title": "filters budgets by account and type",
          "duration": 1.1744000000000483,
          "failureMessages": [],
          "meta": {}
        },
        {
          "ancestorTitles": ["dashboard-ux helpers"],
          "fullName": "dashboard-ux helpers computes budget progress safely when planned is zero",
          "status": "passed",
          "title": "computes budget progress safely when planned is zero",
          "duration": 0.10499999999996135,
          "failureMessages": [],
          "meta": {}
        },
        {
          "ancestorTitles": ["dashboard-ux helpers"],
          "fullName": "dashboard-ux helpers returns highlighted budgets ordered by utilization",
          "status": "passed",
          "title": "returns highlighted budgets ordered by utilization",
          "duration": 0.12930000000000064,
          "failureMessages": [],
          "meta": {}
        },
        {
          "ancestorTitles": ["dashboard-ux helpers"],
          "fullName": "dashboard-ux helpers filters transactions by type, account and search term",
          "status": "passed",
          "title": "filters transactions by type, account and search term",
          "duration": 0.15350000000000819,
          "failureMessages": [],
          "meta": {}
        },
        {
          "ancestorTitles": ["dashboard-ux helpers"],
          "fullName": "dashboard-ux helpers includes inactive recurring items only when requested",
          "status": "passed",
          "title": "includes inactive recurring items only when requested",
          "duration": 0.1534000000000333,
          "failureMessages": [],
          "meta": {}
        },
        {
          "ancestorTitles": ["dashboard-ux helpers"],
          "fullName": "dashboard-ux helpers filters categories by search, type and archived flag",
          "status": "passed",
          "title": "filters categories by search, type and archived flag",
          "duration": 0.22749999999996362,
          "failureMessages": [],
          "meta": {}
        },
        {
          "ancestorTitles": ["dashboard-ux helpers"],
          "fullName": "dashboard-ux helpers summarizes budget totals by type",
          "status": "passed",
          "title": "summarizes budget totals by type",
          "duration": 0.11039999999997008,
          "failureMessages": [],
          "meta": {}
        }
      ],
      "startTime": 1768425328681,
      "endTime": 1768425328683.1104,
      "status": "passed",
      "message": "",
      "name": "C:/Users/avife/expense-track/tests/dashboard-ux.test.ts"
    },
    {
      "assertionResults": [
        {
          "ancestorTitles": ["finance.ts", "getAccounts"],
          "fullName": "finance.ts getAccounts should return accounts sorted by name",
          "status": "passed",
          "title": "should return accounts sorted by name",
          "duration": 2.4550000000001546,
          "failureMessages": [],
          "meta": {}
        },
        {
          "ancestorTitles": ["finance.ts", "getCategories"],
          "fullName": "finance.ts getCategories should return categories sorted by name",
          "status": "passed",
          "title": "should return categories sorted by name",
          "duration": 0.49080000000003565,
          "failureMessages": [],
          "meta": {}
        },
        {
          "ancestorTitles": ["finance.ts", "getTransactionRequests"],
          "fullName": "finance.ts getTransactionRequests should return all requests when no filters provided",
          "status": "passed",
          "title": "should return all requests when no filters provided",
          "duration": 0.3766000000000531,
          "failureMessages": [],
          "meta": {}
        },
        {
          "ancestorTitles": ["finance.ts", "getTransactionRequests"],
          "fullName": "finance.ts getTransactionRequests should filter by accountId",
          "status": "passed",
          "title": "should filter by accountId",
          "duration": 0.1893000000000029,
          "failureMessages": [],
          "meta": {}
        },
        {
          "ancestorTitles": ["finance.ts", "getTransactionRequests"],
          "fullName": "finance.ts getTransactionRequests should filter by status",
          "status": "passed",
          "title": "should filter by status",
          "duration": 0.14210000000002765,
          "failureMessages": [],
          "meta": {}
        },
        {
          "ancestorTitles": ["finance.ts", "getTransactionRequests"],
          "fullName": "finance.ts getTransactionRequests should filter by both accountId and status",
          "status": "passed",
          "title": "should filter by both accountId and status",
          "duration": 0.14630000000011023,
          "failureMessages": [],
          "meta": {}
        },
        {
          "ancestorTitles": ["finance.ts", "getTransactionsForMonth"],
          "fullName": "finance.ts getTransactionsForMonth should return transactions with converted amounts",
          "status": "passed",
          "title": "should return transactions with converted amounts",
          "duration": 2.0818000000001575,
          "failureMessages": [],
          "meta": {}
        },
        {
          "ancestorTitles": ["finance.ts", "getTransactionsForMonth"],
          "fullName": "finance.ts getTransactionsForMonth should filter by accountId",
          "status": "passed",
          "title": "should filter by accountId",
          "duration": 0.33989999999994325,
          "failureMessages": [],
          "meta": {}
        },
        {
          "ancestorTitles": ["finance.ts", "getTransactionsForMonth"],
          "fullName": "finance.ts getTransactionsForMonth should convert currencies when preferredCurrency differs",
          "status": "passed",
          "title": "should convert currencies when preferredCurrency differs",
          "duration": 0.3427000000001499,
          "failureMessages": [],
          "meta": {}
        },
        {
          "ancestorTitles": ["finance.ts", "getTransactionsForMonth"],
          "fullName": "finance.ts getTransactionsForMonth should handle empty results",
          "status": "passed",
          "title": "should handle empty results",
          "duration": 0.15650000000005093,
          "failureMessages": [],
          "meta": {}
        },
        {
          "ancestorTitles": ["finance.ts", "getTransactionsForMonth"],
          "fullName": "finance.ts getTransactionsForMonth should use correct date range for month",
          "status": "passed",
          "title": "should use correct date range for month",
          "duration": 0.16489999999998872,
          "failureMessages": [],
          "meta": {}
        },
        {
          "ancestorTitles": ["finance.ts", "getBudgetsForMonth"],
          "fullName": "finance.ts getBudgetsForMonth should return budgets for given month",
          "status": "passed",
          "title": "should return budgets for given month",
          "duration": 0.21860000000015134,
          "failureMessages": [],
          "meta": {}
        },
        {
          "ancestorTitles": ["finance.ts", "getBudgetsForMonth"],
          "fullName": "finance.ts getBudgetsForMonth should filter by accountId",
          "status": "passed",
          "title": "should filter by accountId",
          "duration": 0.12349999999992178,
          "failureMessages": [],
          "meta": {}
        },
        {
          "ancestorTitles": ["finance.ts", "getRecurringTemplates"],
          "fullName": "finance.ts getRecurringTemplates should return formatted recurring templates",
          "status": "passed",
          "title": "should return formatted recurring templates",
          "duration": 0.282799999999952,
          "failureMessages": [],
          "meta": {}
        },
        {
          "ancestorTitles": ["finance.ts", "getRecurringTemplates"],
          "fullName": "finance.ts getRecurringTemplates should filter by accountId",
          "status": "passed",
          "title": "should filter by accountId",
          "duration": 0.12100000000009459,
          "failureMessages": [],
          "meta": {}
        },
        {
          "ancestorTitles": ["finance.ts", "getRecurringTemplates"],
          "fullName": "finance.ts getRecurringTemplates should handle null start and end months",
          "status": "passed",
          "title": "should handle null start and end months",
          "duration": 0.10500000000001819,
          "failureMessages": [],
          "meta": {}
        },
        {
          "ancestorTitles": ["finance.ts", "getDashboardData"],
          "fullName": "finance.ts getDashboardData should calculate stats correctly",
          "status": "passed",
          "title": "should calculate stats correctly",
          "duration": 1.3971999999998843,
          "failureMessages": [],
          "meta": {}
        },
        {
          "ancestorTitles": ["finance.ts", "getDashboardData"],
          "fullName": "finance.ts getDashboardData should calculate budget summaries correctly",
          "status": "passed",
          "title": "should calculate budget summaries correctly",
          "duration": 0.4319000000000415,
          "failureMessages": [],
          "meta": {}
        },
        {
          "ancestorTitles": ["finance.ts", "getDashboardData"],
          "fullName": "finance.ts getDashboardData should calculate comparison correctly",
          "status": "passed",
          "title": "should calculate comparison correctly",
          "duration": 0.4469000000001415,
          "failureMessages": [],
          "meta": {}
        },
        {
          "ancestorTitles": ["finance.ts", "getDashboardData"],
          "fullName": "finance.ts getDashboardData should seed all 6 months in history",
          "status": "passed",
          "title": "should seed all 6 months in history",
          "duration": 0.5764999999998963,
          "failureMessages": [],
          "meta": {}
        },
        {
          "ancestorTitles": ["finance.ts", "getDashboardData"],
          "fullName": "finance.ts getDashboardData should handle zero planned budgets",
          "status": "passed",
          "title": "should handle zero planned budgets",
          "duration": 0.30740000000014334,
          "failureMessages": [],
          "meta": {}
        },
        {
          "ancestorTitles": ["finance.ts", "getDashboardData"],
          "fullName": "finance.ts getDashboardData should handle no transactions",
          "status": "passed",
          "title": "should handle no transactions",
          "duration": 0.2798999999999978,
          "failureMessages": [],
          "meta": {}
        },
        {
          "ancestorTitles": ["finance.ts", "getDashboardData"],
          "fullName": "finance.ts getDashboardData should handle no budgets",
          "status": "passed",
          "title": "should handle no budgets",
          "duration": 0.28150000000005093,
          "failureMessages": [],
          "meta": {}
        },
        {
          "ancestorTitles": ["finance.ts", "getDashboardData"],
          "fullName": "finance.ts getDashboardData should handle negative balances",
          "status": "passed",
          "title": "should handle negative balances",
          "duration": 0.2798999999999978,
          "failureMessages": [],
          "meta": {}
        },
        {
          "ancestorTitles": ["finance.ts", "getDashboardData"],
          "fullName": "finance.ts getDashboardData should filter by accountId",
          "status": "passed",
          "title": "should filter by accountId",
          "duration": 0.3182999999999083,
          "failureMessages": [],
          "meta": {}
        },
        {
          "ancestorTitles": ["finance.ts", "getDashboardData"],
          "fullName": "finance.ts getDashboardData should use provided accounts",
          "status": "passed",
          "title": "should use provided accounts",
          "duration": 0.2822000000001026,
          "failureMessages": [],
          "meta": {}
        },
        {
          "ancestorTitles": ["finance.ts", "getDashboardData"],
          "fullName": "finance.ts getDashboardData should include preferredCurrency in result",
          "status": "passed",
          "title": "should include preferredCurrency in result",
          "duration": 0.1812999999999647,
          "failureMessages": [],
          "meta": {}
        },
        {
          "ancestorTitles": ["finance.ts", "getDashboardData"],
          "fullName": "finance.ts getDashboardData should handle currency conversion errors gracefully",
          "status": "passed",
          "title": "should handle currency conversion errors gracefully",
          "duration": 4.40930000000003,
          "failureMessages": [],
          "meta": {}
        },
        {
          "ancestorTitles": ["finance.ts", "getHoldingsWithPrices"],
          "fullName": "finance.ts getHoldingsWithPrices should calculate holdings with prices correctly",
          "status": "passed",
          "title": "should calculate holdings with prices correctly",
          "duration": 2.220500000000129,
          "failureMessages": [],
          "meta": {}
        },
        {
          "ancestorTitles": ["finance.ts", "getHoldingsWithPrices"],
          "fullName": "finance.ts getHoldingsWithPrices should handle missing prices",
          "status": "passed",
          "title": "should handle missing prices",
          "duration": 1.1346999999998388,
          "failureMessages": [],
          "meta": {}
        },
        {
          "ancestorTitles": ["finance.ts", "getHoldingsWithPrices"],
          "fullName": "finance.ts getHoldingsWithPrices should handle zero cost basis safely",
          "status": "passed",
          "title": "should handle zero cost basis safely",
          "duration": 1.0701000000001386,
          "failureMessages": [],
          "meta": {}
        },
        {
          "ancestorTitles": ["finance.ts", "getHoldingsWithPrices"],
          "fullName": "finance.ts getHoldingsWithPrices should convert currencies correctly",
          "status": "passed",
          "title": "should convert currencies correctly",
          "duration": 0.9984000000001743,
          "failureMessages": [],
          "meta": {}
        },
        {
          "ancestorTitles": ["finance.ts", "getHoldingsWithPrices"],
          "fullName": "finance.ts getHoldingsWithPrices should not convert when currencies match",
          "status": "passed",
          "title": "should not convert when currencies match",
          "duration": 1.082400000000007,
          "failureMessages": [],
          "meta": {}
        },
        {
          "ancestorTitles": ["finance.ts", "getHoldingsWithPrices"],
          "fullName": "finance.ts getHoldingsWithPrices should filter by accountId",
          "status": "passed",
          "title": "should filter by accountId",
          "duration": 1.065900000000056,
          "failureMessages": [],
          "meta": {}
        },
        {
          "ancestorTitles": ["finance.ts", "getHoldingsWithPrices"],
          "fullName": "finance.ts getHoldingsWithPrices should normalize symbols to uppercase for price lookup",
          "status": "passed",
          "title": "should normalize symbols to uppercase for price lookup",
          "duration": 0.771199999999908,
          "failureMessages": [],
          "meta": {}
        },
        {
          "ancestorTitles": ["finance.ts", "getHoldingsWithPrices"],
          "fullName": "finance.ts getHoldingsWithPrices should handle negative gains (losses)",
          "status": "passed",
          "title": "should handle negative gains (losses)",
          "duration": 0.9566999999999553,
          "failureMessages": [],
          "meta": {}
        }
      ],
      "startTime": 1768425329454,
      "endTime": 1768425329480.9568,
      "status": "passed",
      "message": "",
      "name": "C:/Users/avife/expense-track/tests/finance.test.ts"
    },
    {
      "assertionResults": [
        {
          "ancestorTitles": ["createHoldingAction"],
          "fullName": "createHoldingAction should successfully create a holding",
          "status": "passed",
          "title": "should successfully create a holding",
          "duration": 3.1124999999999545,
          "failureMessages": [],
          "meta": {}
        },
        {
          "ancestorTitles": ["createHoldingAction"],
          "fullName": "createHoldingAction should fail when category is not a holding category",
          "status": "passed",
          "title": "should fail when category is not a holding category",
          "duration": 0.34720000000015716,
          "failureMessages": [],
          "meta": {}
        },
        {
          "ancestorTitles": ["createHoldingAction"],
          "fullName": "createHoldingAction should fail with invalid stock symbol",
          "status": "passed",
          "title": "should fail with invalid stock symbol",
          "duration": 0.48499999999989996,
          "failureMessages": [],
          "meta": {}
        },
        {
          "ancestorTitles": ["createHoldingAction"],
          "fullName": "createHoldingAction should convert symbol to uppercase",
          "status": "passed",
          "title": "should convert symbol to uppercase",
          "duration": 0.24080000000003565,
          "failureMessages": [],
          "meta": {}
        },
        {
          "ancestorTitles": ["createHoldingAction"],
          "fullName": "createHoldingAction should reject quantity out of range",
          "status": "passed",
          "title": "should reject quantity out of range",
          "duration": 0.18029999999998836,
          "failureMessages": [],
          "meta": {}
        },
        {
          "ancestorTitles": ["createHoldingAction"],
          "fullName": "createHoldingAction should reject negative average cost",
          "status": "passed",
          "title": "should reject negative average cost",
          "duration": 0.15470000000004802,
          "failureMessages": [],
          "meta": {}
        },
        {
          "ancestorTitles": ["updateHoldingAction"],
          "fullName": "updateHoldingAction should successfully update a holding",
          "status": "passed",
          "title": "should successfully update a holding",
          "duration": 0.4412999999999556,
          "failureMessages": [],
          "meta": {}
        },
        {
          "ancestorTitles": ["updateHoldingAction"],
          "fullName": "updateHoldingAction should fail when holding not found",
          "status": "passed",
          "title": "should fail when holding not found",
          "duration": 0.17180000000007567,
          "failureMessages": [],
          "meta": {}
        },
        {
          "ancestorTitles": ["deleteHoldingAction"],
          "fullName": "deleteHoldingAction should successfully delete a holding",
          "status": "passed",
          "title": "should successfully delete a holding",
          "duration": 0.8746000000001004,
          "failureMessages": [],
          "meta": {}
        },
        {
          "ancestorTitles": ["refreshHoldingPricesAction"],
          "fullName": "refreshHoldingPricesAction should successfully refresh prices for all holdings",
          "status": "passed",
          "title": "should successfully refresh prices for all holdings",
          "duration": 0.4331999999999425,
          "failureMessages": [],
          "meta": {}
        },
        {
          "ancestorTitles": ["refreshHoldingPricesAction"],
          "fullName": "refreshHoldingPricesAction should return zero when no holdings found",
          "status": "passed",
          "title": "should return zero when no holdings found",
          "duration": 0.16650000000004184,
          "failureMessages": [],
          "meta": {}
        },
        {
          "ancestorTitles": ["refreshHoldingPricesAction"],
          "fullName": "refreshHoldingPricesAction should handle duplicate symbols",
          "status": "passed",
          "title": "should handle duplicate symbols",
          "duration": 0.2337999999999738,
          "failureMessages": [],
          "meta": {}
        }
      ],
      "startTime": 1768425329651,
      "endTime": 1768425329658.234,
      "status": "passed",
      "message": "",
      "name": "C:/Users/avife/expense-track/tests/holdings-actions.test.ts"
    },
    {
      "assertionResults": [
        {
          "ancestorTitles": ["Middleware"],
          "fullName": "Middleware sets X-Frame-Options header",
          "status": "passed",
          "title": "sets X-Frame-Options header",
          "duration": 8.930299999999988,
          "failureMessages": [],
          "meta": {}
        },
        {
          "ancestorTitles": ["Middleware"],
          "fullName": "Middleware sets X-Content-Type-Options header",
          "status": "passed",
          "title": "sets X-Content-Type-Options header",
          "duration": 1.0360000000000014,
          "failureMessages": [],
          "meta": {}
        },
        {
          "ancestorTitles": ["Middleware"],
          "fullName": "Middleware sets Referrer-Policy header",
          "status": "passed",
          "title": "sets Referrer-Policy header",
          "duration": 0.595799999999997,
          "failureMessages": [],
          "meta": {}
        },
        {
          "ancestorTitles": ["Middleware"],
          "fullName": "Middleware sets Permissions-Policy header",
          "status": "passed",
          "title": "sets Permissions-Policy header",
          "duration": 0.4500000000000455,
          "failureMessages": [],
          "meta": {}
        },
        {
          "ancestorTitles": ["Middleware"],
          "fullName": "Middleware sets Content-Security-Policy header",
          "status": "passed",
          "title": "sets Content-Security-Policy header",
          "duration": 0.7312000000000012,
          "failureMessages": [],
          "meta": {}
        },
        {
          "ancestorTitles": ["Middleware"],
          "fullName": "Middleware CSP includes api.frankfurter.app in connect-src",
          "status": "passed",
          "title": "CSP includes api.frankfurter.app in connect-src",
          "duration": 0.40229999999996835,
          "failureMessages": [],
          "meta": {}
        },
        {
          "ancestorTitles": ["Middleware"],
          "fullName": "Middleware generates a nonce for each request",
          "status": "passed",
          "title": "generates a nonce for each request",
          "duration": 0.5129999999999768,
          "failureMessages": [],
          "meta": {}
        },
        {
          "ancestorTitles": ["Middleware"],
          "fullName": "Middleware includes nonce in CSP script-src directive",
          "status": "passed",
          "title": "includes nonce in CSP script-src directive",
          "duration": 0.39879999999999427,
          "failureMessages": [],
          "meta": {}
        },
        {
          "ancestorTitles": ["Middleware"],
          "fullName": "Middleware includes nonce in CSP style-src directive",
          "status": "passed",
          "title": "includes nonce in CSP style-src directive",
          "duration": 0.37930000000000064,
          "failureMessages": [],
          "meta": {}
        },
        {
          "ancestorTitles": ["Middleware"],
          "fullName": "Middleware includes unsafe-eval in development mode only",
          "status": "passed",
          "title": "includes unsafe-eval in development mode only",
          "duration": 0.6673000000000116,
          "failureMessages": [],
          "meta": {}
        },
        {
          "ancestorTitles": ["Middleware"],
          "fullName": "Middleware excludes unsafe-eval in production mode",
          "status": "passed",
          "title": "excludes unsafe-eval in production mode",
          "duration": 0.6311000000000035,
          "failureMessages": [],
          "meta": {}
        },
        {
          "ancestorTitles": ["Middleware"],
          "fullName": "Middleware includes unsafe-inline for styles in dev, excludes in production",
          "status": "passed",
          "title": "includes unsafe-inline for styles in dev, excludes in production",
          "duration": 0.8493000000000279,
          "failureMessages": [],
          "meta": {}
        },
        {
          "ancestorTitles": ["Middleware"],
          "fullName": "Middleware does not include unsafe-inline in script-src",
          "status": "passed",
          "title": "does not include unsafe-inline in script-src",
          "duration": 0.411200000000008,
          "failureMessages": [],
          "meta": {}
        },
        {
          "ancestorTitles": ["Middleware"],
          "fullName": "Middleware ensures CSRF token exists",
          "status": "passed",
          "title": "ensures CSRF token exists",
          "duration": 0.5310000000000059,
          "failureMessages": [],
          "meta": {}
        },
        {
          "ancestorTitles": ["Middleware"],
          "fullName": "Middleware sets Strict-Transport-Security in production",
          "status": "passed",
          "title": "sets Strict-Transport-Security in production",
          "duration": 0.4478000000000293,
          "failureMessages": [],
          "meta": {}
        },
        {
          "ancestorTitles": ["Middleware"],
          "fullName": "Middleware does not set Strict-Transport-Security in development",
          "status": "passed",
          "title": "does not set Strict-Transport-Security in development",
          "duration": 0.44429999999999836,
          "failureMessages": [],
          "meta": {}
        },
        {
          "ancestorTitles": ["Middleware"],
          "fullName": "Middleware returns NextResponse that allows request to continue",
          "status": "passed",
          "title": "returns NextResponse that allows request to continue",
          "duration": 0.5105000000000359,
          "failureMessages": [],
          "meta": {}
        },
        {
          "ancestorTitles": ["Middleware"],
          "fullName": "Middleware stores nonce in x-nonce response header",
          "status": "passed",
          "title": "stores nonce in x-nonce response header",
          "duration": 0.3469000000000051,
          "failureMessages": [],
          "meta": {}
        }
      ],
      "startTime": 1768425328668,
      "endTime": 1768425328687.347,
      "status": "passed",
      "message": "",
      "name": "C:/Users/avife/expense-track/tests/middleware.test.ts"
    },
    {
      "assertionResults": [
        {
          "ancestorTitles": ["refreshExchangeRatesAction"],
          "fullName": "refreshExchangeRatesAction should fail when session is missing",
          "status": "passed",
          "title": "should fail when session is missing",
          "duration": 1.5126000000000204,
          "failureMessages": [],
          "meta": {}
        },
        {
          "ancestorTitles": ["refreshExchangeRatesAction"],
          "fullName": "refreshExchangeRatesAction should successfully refresh exchange rates",
          "status": "passed",
          "title": "should successfully refresh exchange rates",
          "duration": 0.9021999999999935,
          "failureMessages": [],
          "meta": {}
        },
        {
          "ancestorTitles": ["refreshExchangeRatesAction"],
          "fullName": "refreshExchangeRatesAction should handle refresh error",
          "status": "passed",
          "title": "should handle refresh error",
          "duration": 0.18399999999996908,
          "failureMessages": [],
          "meta": {}
        },
        {
          "ancestorTitles": ["refreshExchangeRatesAction"],
          "fullName": "refreshExchangeRatesAction should handle unexpected errors",
          "status": "passed",
          "title": "should handle unexpected errors",
          "duration": 2.8148999999998523,
          "failureMessages": [],
          "meta": {}
        },
        {
          "ancestorTitles": ["setBalanceAction"],
          "fullName": "setBalanceAction should fail when session is missing",
          "status": "passed",
          "title": "should fail when session is missing",
          "duration": 1.1563000000001011,
          "failureMessages": [],
          "meta": {}
        },
        {
          "ancestorTitles": ["setBalanceAction"],
          "fullName": "setBalanceAction should create positive adjustment when target is higher",
          "status": "passed",
          "title": "should create positive adjustment when target is higher",
          "duration": 1.8014000000000578,
          "failureMessages": [],
          "meta": {}
        },
        {
          "ancestorTitles": ["setBalanceAction"],
          "fullName": "setBalanceAction should create negative adjustment when target is lower",
          "status": "passed",
          "title": "should create negative adjustment when target is lower",
          "duration": 0.4393999999999778,
          "failureMessages": [],
          "meta": {}
        },
        {
          "ancestorTitles": ["setBalanceAction"],
          "fullName": "setBalanceAction should skip adjustment when balance is already correct",
          "status": "passed",
          "title": "should skip adjustment when balance is already correct",
          "duration": 0.310399999999845,
          "failureMessages": [],
          "meta": {}
        },
        {
          "ancestorTitles": ["setBalanceAction"],
          "fullName": "setBalanceAction should create Balance Adjustment category if not exists",
          "status": "passed",
          "title": "should create Balance Adjustment category if not exists",
          "duration": 0.5570999999999913,
          "failureMessages": [],
          "meta": {}
        },
        {
          "ancestorTitles": ["setBalanceAction"],
          "fullName": "setBalanceAction should handle decimal amounts properly",
          "status": "passed",
          "title": "should handle decimal amounts properly",
          "duration": 0.29529999999999745,
          "failureMessages": [],
          "meta": {}
        },
        {
          "ancestorTitles": ["setBalanceAction"],
          "fullName": "setBalanceAction should handle negative target balance",
          "status": "passed",
          "title": "should handle negative target balance",
          "duration": 0.18890000000010332,
          "failureMessages": [],
          "meta": {}
        }
      ],
      "startTime": 1768425329650,
      "endTime": 1768425329661.189,
      "status": "passed",
      "message": "",
      "name": "C:/Users/avife/expense-track/tests/misc-actions.test.ts"
    },
    {
      "assertionResults": [
        {
          "ancestorTitles": ["generateNonce"],
          "fullName": "generateNonce generates a base64url string",
          "status": "passed",
          "title": "generates a base64url string",
          "duration": 0.8602999999999952,
          "failureMessages": [],
          "meta": {}
        },
        {
          "ancestorTitles": ["generateNonce"],
          "fullName": "generateNonce generates 22-character string (16 bytes base64url encoded)",
          "status": "passed",
          "title": "generates 22-character string (16 bytes base64url encoded)",
          "duration": 0.533299999999997,
          "failureMessages": [],
          "meta": {}
        },
        {
          "ancestorTitles": ["generateNonce"],
          "fullName": "generateNonce generates unique values on each call",
          "status": "passed",
          "title": "generates unique values on each call",
          "duration": 2.6347000000000094,
          "failureMessages": [],
          "meta": {}
        },
        {
          "ancestorTitles": ["generateNonce"],
          "fullName": "generateNonce produces cryptographically random output",
          "status": "passed",
          "title": "produces cryptographically random output",
          "duration": 1.3501999999999725,
          "failureMessages": [],
          "meta": {}
        }
      ],
      "startTime": 1768425328633,
      "endTime": 1768425328638.35,
      "status": "passed",
      "message": "",
      "name": "C:/Users/avife/expense-track/tests/nonce.test.ts"
    },
    {
      "assertionResults": [
        {
          "ancestorTitles": ["upsertRecurringTemplateAction"],
          "fullName": "upsertRecurringTemplateAction should successfully create a new recurring template",
          "status": "passed",
          "title": "should successfully create a new recurring template",
          "duration": 3.414600000000064,
          "failureMessages": [],
          "meta": {}
        },
        {
          "ancestorTitles": ["upsertRecurringTemplateAction"],
          "fullName": "upsertRecurringTemplateAction should successfully update an existing template",
          "status": "passed",
          "title": "should successfully update an existing template",
          "duration": 0.40249999999991815,
          "failureMessages": [],
          "meta": {}
        },
        {
          "ancestorTitles": ["upsertRecurringTemplateAction"],
          "fullName": "upsertRecurringTemplateAction should reject end month before start month",
          "status": "passed",
          "title": "should reject end month before start month",
          "duration": 0.6321999999997843,
          "failureMessages": [],
          "meta": {}
        },
        {
          "ancestorTitles": ["upsertRecurringTemplateAction"],
          "fullName": "upsertRecurringTemplateAction should reject invalid day of month (0)",
          "status": "passed",
          "title": "should reject invalid day of month (0)",
          "duration": 0.47910000000001673,
          "failureMessages": [],
          "meta": {}
        },
        {
          "ancestorTitles": ["upsertRecurringTemplateAction"],
          "fullName": "upsertRecurringTemplateAction should reject invalid day of month (32)",
          "status": "passed",
          "title": "should reject invalid day of month (32)",
          "duration": 0.16519999999991342,
          "failureMessages": [],
          "meta": {}
        },
        {
          "ancestorTitles": ["upsertRecurringTemplateAction"],
          "fullName": "upsertRecurringTemplateAction should accept end month equal to start month",
          "status": "passed",
          "title": "should accept end month equal to start month",
          "duration": 0.21249999999986358,
          "failureMessages": [],
          "meta": {}
        },
        {
          "ancestorTitles": ["toggleRecurringTemplateAction"],
          "fullName": "toggleRecurringTemplateAction should successfully toggle template to inactive",
          "status": "passed",
          "title": "should successfully toggle template to inactive",
          "duration": 0.7961999999999989,
          "failureMessages": [],
          "meta": {}
        },
        {
          "ancestorTitles": ["toggleRecurringTemplateAction"],
          "fullName": "toggleRecurringTemplateAction should fail when template not found",
          "status": "passed",
          "title": "should fail when template not found",
          "duration": 0.1973000000000411,
          "failureMessages": [],
          "meta": {}
        },
        {
          "ancestorTitles": ["applyRecurringTemplatesAction"],
          "fullName": "applyRecurringTemplatesAction should create transactions from active templates",
          "status": "passed",
          "title": "should create transactions from active templates",
          "duration": 0.563899999999876,
          "failureMessages": [],
          "meta": {}
        },
        {
          "ancestorTitles": ["applyRecurringTemplatesAction"],
          "fullName": "applyRecurringTemplatesAction should skip templates that already have transactions",
          "status": "passed",
          "title": "should skip templates that already have transactions",
          "duration": 0.21489999999994325,
          "failureMessages": [],
          "meta": {}
        },
        {
          "ancestorTitles": ["applyRecurringTemplatesAction"],
          "fullName": "applyRecurringTemplatesAction should handle day 31 in months with fewer days",
          "status": "passed",
          "title": "should handle day 31 in months with fewer days",
          "duration": 0.2034000000001015,
          "failureMessages": [],
          "meta": {}
        },
        {
          "ancestorTitles": ["applyRecurringTemplatesAction"],
          "fullName": "applyRecurringTemplatesAction should return zero when no templates found",
          "status": "passed",
          "title": "should return zero when no templates found",
          "duration": 0.15660000000002583,
          "failureMessages": [],
          "meta": {}
        },
        {
          "ancestorTitles": ["applyRecurringTemplatesAction"],
          "fullName": "applyRecurringTemplatesAction should apply only specified template IDs",
          "status": "passed",
          "title": "should apply only specified template IDs",
          "duration": 0.26789999999982683,
          "failureMessages": [],
          "meta": {}
        }
      ],
      "startTime": 1768425329650,
      "endTime": 1768425329658.2678,
      "status": "passed",
      "message": "",
      "name": "C:/Users/avife/expense-track/tests/recurring-actions.test.ts"
    },
    {
      "assertionResults": [
        {
          "ancestorTitles": ["BudgetsTab filtering logic"],
          "fullName": "BudgetsTab filtering logic filters budgets by account",
          "status": "passed",
          "title": "filters budgets by account",
          "duration": 1.2257999999999925,
          "failureMessages": [],
          "meta": {}
        },
        {
          "ancestorTitles": ["BudgetsTab filtering logic"],
          "fullName": "BudgetsTab filtering logic filters budgets by type (expense/income)",
          "status": "passed",
          "title": "filters budgets by type (expense/income)",
          "duration": 0.16910000000001446,
          "failureMessages": [],
          "meta": {}
        },
        {
          "ancestorTitles": ["BudgetsTab filtering logic"],
          "fullName": "BudgetsTab filtering logic combines account and type filters",
          "status": "passed",
          "title": "combines account and type filters",
          "duration": 0.1208000000000311,
          "failureMessages": [],
          "meta": {}
        },
        {
          "ancestorTitles": ["BudgetsTab filtering logic"],
          "fullName": "BudgetsTab filtering logic calculates budget progress correctly",
          "status": "passed",
          "title": "calculates budget progress correctly",
          "duration": 0.13139999999998508,
          "failureMessages": [],
          "meta": {}
        },
        {
          "ancestorTitles": ["BudgetsTab filtering logic"],
          "fullName": "BudgetsTab filtering logic caps progress at 1 when over budget",
          "status": "passed",
          "title": "caps progress at 1 when over budget",
          "duration": 0.06409999999999627,
          "failureMessages": [],
          "meta": {}
        },
        {
          "ancestorTitles": ["BudgetsTab filtering logic"],
          "fullName": "BudgetsTab filtering logic returns highlighted budgets sorted by utilization",
          "status": "passed",
          "title": "returns highlighted budgets sorted by utilization",
          "duration": 0.13159999999999172,
          "failureMessages": [],
          "meta": {}
        },
        {
          "ancestorTitles": ["TransactionsTab filtering logic"],
          "fullName": "TransactionsTab filtering logic filters transactions by type",
          "status": "passed",
          "title": "filters transactions by type",
          "duration": 0.19640000000003965,
          "failureMessages": [],
          "meta": {}
        },
        {
          "ancestorTitles": ["TransactionsTab filtering logic"],
          "fullName": "TransactionsTab filtering logic filters transactions by account",
          "status": "passed",
          "title": "filters transactions by account",
          "duration": 0.1016999999999939,
          "failureMessages": [],
          "meta": {}
        },
        {
          "ancestorTitles": ["TransactionsTab filtering logic"],
          "fullName": "TransactionsTab filtering logic filters transactions by search term in description",
          "status": "passed",
          "title": "filters transactions by search term in description",
          "duration": 0.17320000000000846,
          "failureMessages": [],
          "meta": {}
        },
        {
          "ancestorTitles": ["TransactionsTab filtering logic"],
          "fullName": "TransactionsTab filtering logic search is case-insensitive",
          "status": "passed",
          "title": "search is case-insensitive",
          "duration": 0.08180000000004384,
          "failureMessages": [],
          "meta": {}
        },
        {
          "ancestorTitles": ["TransactionsTab filtering logic"],
          "fullName": "TransactionsTab filtering logic combines multiple filters",
          "status": "passed",
          "title": "combines multiple filters",
          "duration": 0.0764000000000351,
          "failureMessages": [],
          "meta": {}
        },
        {
          "ancestorTitles": ["RecurringTab filtering logic"],
          "fullName": "RecurringTab filtering logic filters by active status",
          "status": "passed",
          "title": "filters by active status",
          "duration": 0.13289999999994961,
          "failureMessages": [],
          "meta": {}
        },
        {
          "ancestorTitles": ["RecurringTab filtering logic"],
          "fullName": "RecurringTab filtering logic includes inactive when requested",
          "status": "passed",
          "title": "includes inactive when requested",
          "duration": 0.06530000000003611,
          "failureMessages": [],
          "meta": {}
        },
        {
          "ancestorTitles": ["RecurringTab filtering logic"],
          "fullName": "RecurringTab filtering logic filters by type",
          "status": "passed",
          "title": "filters by type",
          "duration": 0.13620000000003074,
          "failureMessages": [],
          "meta": {}
        },
        {
          "ancestorTitles": ["RecurringTab filtering logic"],
          "fullName": "RecurringTab filtering logic filters by account",
          "status": "passed",
          "title": "filters by account",
          "duration": 0.09759999999999991,
          "failureMessages": [],
          "meta": {}
        },
        {
          "ancestorTitles": ["CategoriesTab filtering logic"],
          "fullName": "CategoriesTab filtering logic filters by search term",
          "status": "passed",
          "title": "filters by search term",
          "duration": 0.13650000000001228,
          "failureMessages": [],
          "meta": {}
        },
        {
          "ancestorTitles": ["CategoriesTab filtering logic"],
          "fullName": "CategoriesTab filtering logic filters by type",
          "status": "passed",
          "title": "filters by type",
          "duration": 0.09010000000000673,
          "failureMessages": [],
          "meta": {}
        },
        {
          "ancestorTitles": ["CategoriesTab filtering logic"],
          "fullName": "CategoriesTab filtering logic excludes archived by default",
          "status": "passed",
          "title": "excludes archived by default",
          "duration": 0.09229999999996608,
          "failureMessages": [],
          "meta": {}
        },
        {
          "ancestorTitles": ["CategoriesTab filtering logic"],
          "fullName": "CategoriesTab filtering logic includes archived when requested",
          "status": "passed",
          "title": "includes archived when requested",
          "duration": 0.05930000000000746,
          "failureMessages": [],
          "meta": {}
        }
      ],
      "startTime": 1768425328684,
      "endTime": 1768425328688.1365,
      "status": "passed",
      "message": "",
      "name": "C:/Users/avife/expense-track/tests/tabs-integration.test.ts"
    },
    {
      "assertionResults": [
        {
          "ancestorTitles": ["tab shared constants", "transactionTypeOptions"],
          "fullName": "tab shared constants transactionTypeOptions has expense and income options",
          "status": "passed",
          "title": "has expense and income options",
          "duration": 1.362799999999993,
          "failureMessages": [],
          "meta": {}
        },
        {
          "ancestorTitles": ["tab shared constants", "transactionTypeOptions"],
          "fullName": "tab shared constants transactionTypeOptions has readable labels",
          "status": "passed",
          "title": "has readable labels",
          "duration": 0.1653999999999769,
          "failureMessages": [],
          "meta": {}
        },
        {
          "ancestorTitles": ["tab shared constants", "typeFilterOptions"],
          "fullName": "tab shared constants typeFilterOptions includes all types option plus expense and income",
          "status": "passed",
          "title": "includes all types option plus expense and income",
          "duration": 0.116800000000012,
          "failureMessages": [],
          "meta": {}
        },
        {
          "ancestorTitles": ["tab shared constants", "typeFilterOptions"],
          "fullName": "tab shared constants typeFilterOptions expense and income options match transactionTypeOptions",
          "status": "passed",
          "title": "expense and income options match transactionTypeOptions",
          "duration": 0.092899999999986,
          "failureMessages": [],
          "meta": {}
        },
        {
          "ancestorTitles": ["tab shared constants", "currencyOptions"],
          "fullName": "tab shared constants currencyOptions supports USD, EUR, and ILS currencies",
          "status": "passed",
          "title": "supports USD, EUR, and ILS currencies",
          "duration": 0.18020000000001346,
          "failureMessages": [],
          "meta": {}
        },
        {
          "ancestorTitles": ["tab shared constants", "currencyOptions"],
          "fullName": "tab shared constants currencyOptions has currency symbol in labels",
          "status": "passed",
          "title": "has currency symbol in labels",
          "duration": 0.11750000000000682,
          "failureMessages": [],
          "meta": {}
        }
      ],
      "startTime": 1768425328682,
      "endTime": 1768425328685.1174,
      "status": "passed",
      "message": "",
      "name": "C:/Users/avife/expense-track/tests/tabs-types.test.ts"
    },
    {
      "assertionResults": [
        {
          "ancestorTitles": ["createTransactionAction"],
          "fullName": "createTransactionAction should fail when session is missing",
          "status": "passed",
          "title": "should fail when session is missing",
          "duration": 3.277799999999843,
          "failureMessages": [],
          "meta": {}
        },
        {
          "ancestorTitles": ["createTransactionAction"],
          "fullName": "createTransactionAction should successfully create an expense transaction",
          "status": "passed",
          "title": "should successfully create an expense transaction",
          "duration": 0.779399999999896,
          "failureMessages": [],
          "meta": {}
        },
        {
          "ancestorTitles": ["createTransactionAction"],
[...]
          "type": "cond-expr",
          "locations": [
            { "start": { "line": 32, "column": 62 }, "end": { "line": 32, "column": 68 } },
            { "start": { "line": 32, "column": 68 }, "end": { "line": 32, "column": null } }
          ],
          "line": 32
        },
        "11": {
          "loc": { "start": { "line": 32, "column": 68 }, "end": { "line": 32, "column": null } },
          "type": "cond-expr",
          "locations": [
            { "start": { "line": 32, "column": 105 }, "end": { "line": 32, "column": 111 } },
            { "start": { "line": 32, "column": 111 }, "end": { "line": 32, "column": null } }
          ],
          "line": 32
        },
        "12": {
          "loc": { "start": { "line": 38, "column": 22 }, "end": { "line": 38, "column": 48 } },
          "type": "binary-expr",
          "locations": [
            { "start": { "line": 38, "column": 22 }, "end": { "line": 38, "column": 43 } },
            { "start": { "line": 38, "column": 43 }, "end": { "line": 38, "column": 48 } }
          ],
          "line": 38
        },
        "13": {
          "loc": { "start": { "line": 41, "column": 3 }, "end": { "line": 41, "column": 21 } },
          "type": "binary-expr",
          "locations": [
            { "start": { "line": 41, "column": 3 }, "end": { "line": 41, "column": 17 } },
            { "start": { "line": 41, "column": 17 }, "end": { "line": 41, "column": 21 } }
          ],
          "line": 41
        },
        "14": {
          "loc": { "start": { "line": 41, "column": 77 }, "end": { "line": 41, "column": 93 } },
          "type": "binary-expr",
          "locations": [
            { "start": { "line": 41, "column": 77 }, "end": { "line": 41, "column": 92 } },
            { "start": { "line": 41, "column": 92 }, "end": { "line": 41, "column": 93 } }
          ],
          "line": 41
        },
        "15": {
          "loc": { "start": { "line": 45, "column": 2 }, "end": { "line": 52, "column": null } },
          "type": "cond-expr",
          "locations": [
            { "start": { "line": 46, "column": 6 }, "end": { "line": 51, "column": null } },
            { "start": { "line": 52, "column": 6 }, "end": { "line": 52, "column": null } }
          ],
          "line": 45
        },
        "16": {
          "loc": { "start": { "line": 49, "column": 78 }, "end": { "line": 49, "column": 91 } },
          "type": "binary-expr",
          "locations": [
            { "start": { "line": 49, "column": 78 }, "end": { "line": 49, "column": 90 } },
            { "start": { "line": 49, "column": 90 }, "end": { "line": 49, "column": 91 } }
          ],
          "line": 49
        },
        "17": {
          "loc": { "start": { "line": 49, "column": 133 }, "end": { "line": 49, "column": 147 } },
          "type": "binary-expr",
          "locations": [
            { "start": { "line": 49, "column": 133 }, "end": { "line": 49, "column": 146 } },
            { "start": { "line": 49, "column": 146 }, "end": { "line": 49, "column": 147 } }
          ],
          "line": 49
        },
        "18": {
          "loc": { "start": { "line": 49, "column": 188 }, "end": { "line": 49, "column": 249 } },
          "type": "binary-expr",
          "locations": [
            { "start": { "line": 49, "column": 188 }, "end": { "line": 49, "column": 203 } },
            { "start": { "line": 49, "column": 203 }, "end": { "line": 49, "column": 249 } }
          ],
          "line": 49
        },
        "19": {
          "loc": { "start": { "line": 49, "column": 210 }, "end": { "line": 49, "column": 224 } },
          "type": "binary-expr",
          "locations": [
            { "start": { "line": 49, "column": 210 }, "end": { "line": 49, "column": 223 } },
            { "start": { "line": 49, "column": 223 }, "end": { "line": 49, "column": 224 } }
          ],
          "line": 49
        },
        "20": {
          "loc": { "start": { "line": 49, "column": 235 }, "end": { "line": 49, "column": 248 } },
          "type": "binary-expr",
          "locations": [
            { "start": { "line": 49, "column": 235 }, "end": { "line": 49, "column": 247 } },
            { "start": { "line": 49, "column": 247 }, "end": { "line": 49, "column": 248 } }
          ],
          "line": 49
        },
        "21": {
          "loc": { "start": { "line": 57, "column": 2 }, "end": { "line": 69, "column": null } },
          "type": "cond-expr",
          "locations": [
            { "start": { "line": 58, "column": 6 }, "end": { "line": 68, "column": null } },
            { "start": { "line": 69, "column": 6 }, "end": { "line": 69, "column": null } }
          ],
          "line": 57
        },
        "22": {
          "loc": { "start": { "line": 60, "column": 20 }, "end": { "line": 60, "column": null } },
          "type": "cond-expr",
          "locations": [
            { "start": { "line": 60, "column": 46 }, "end": { "line": 60, "column": 55 } },
            { "start": { "line": 60, "column": 55 }, "end": { "line": 60, "column": null } }
          ],
          "line": 60
        },
        "23": {
          "loc": { "start": { "line": 61, "column": 26 }, "end": { "line": 61, "column": null } },
          "type": "cond-expr",
          "locations": [
            { "start": { "line": 61, "column": 47 }, "end": { "line": 61, "column": 52 } },
            { "start": { "line": 61, "column": 52 }, "end": { "line": 61, "column": null } }
          ],
          "line": 61
        },
        "24": {
          "loc": { "start": { "line": 62, "column": 22 }, "end": { "line": 62, "column": null } },
          "type": "binary-expr",
          "locations": [
            { "start": { "line": 62, "column": 22 }, "end": { "line": 62, "column": 43 } },
            { "start": { "line": 62, "column": 43 }, "end": { "line": 62, "column": null } }
          ],
          "line": 62
        },
        "25": {
          "loc": { "start": { "line": 63, "column": 23 }, "end": { "line": 63, "column": null } },
          "type": "binary-expr",
          "locations": [
            { "start": { "line": 63, "column": 23 }, "end": { "line": 63, "column": 43 } },
            { "start": { "line": 63, "column": 43 }, "end": { "line": 63, "column": null } }
          ],
          "line": 63
        },
        "26": {
          "loc": { "start": { "line": 64, "column": 29 }, "end": { "line": 64, "column": 52 } },
          "type": "binary-expr",
          "locations": [
            { "start": { "line": 64, "column": 29 }, "end": { "line": 64, "column": 51 } },
            { "start": { "line": 64, "column": 51 }, "end": { "line": 64, "column": 52 } }
          ],
          "line": 64
        },
        "27": {
          "loc": { "start": { "line": 65, "column": 24 }, "end": { "line": 65, "column": 46 } },
          "type": "binary-expr",
          "locations": [
            { "start": { "line": 65, "column": 24 }, "end": { "line": 65, "column": 42 } },
            { "start": { "line": 65, "column": 42 }, "end": { "line": 65, "column": 46 } }
          ],
          "line": 65
        },
        "28": {
          "loc": { "start": { "line": 66, "column": 85 }, "end": { "line": 66, "column": 123 } },
          "type": "cond-expr",
          "locations": [
            { "start": { "line": 66, "column": 92 }, "end": { "line": 66, "column": 121 } },
            { "start": { "line": 66, "column": 121 }, "end": { "line": 66, "column": 123 } }
          ],
          "line": 66
        },
        "29": {
          "loc": { "start": { "line": 74, "column": 2 }, "end": { "line": 81, "column": null } },
          "type": "cond-expr",
          "locations": [
            { "start": { "line": 75, "column": 6 }, "end": { "line": 80, "column": null } },
            { "start": { "line": 81, "column": 6 }, "end": { "line": 81, "column": null } }
          ],
          "line": 74
        },
        "30": {
          "loc": { "start": { "line": 78, "column": 58 }, "end": { "line": 78, "column": 71 } },
          "type": "binary-expr",
          "locations": [
            { "start": { "line": 78, "column": 58 }, "end": { "line": 78, "column": 70 } },
            { "start": { "line": 78, "column": 70 }, "end": { "line": 78, "column": 71 } }
          ],
          "line": 78
        },
        "31": {
          "loc": { "start": { "line": 88, "column": 52 }, "end": { "line": 88, "column": 65 } },
          "type": "binary-expr",
          "locations": [
            { "start": { "line": 88, "column": 52 }, "end": { "line": 88, "column": 64 } },
            { "start": { "line": 88, "column": 64 }, "end": { "line": 88, "column": 65 } }
          ],
          "line": 88
        },
        "32": {
          "loc": { "start": { "line": 88, "column": 115 }, "end": { "line": 88, "column": 129 } },
          "type": "binary-expr",
          "locations": [
            { "start": { "line": 88, "column": 115 }, "end": { "line": 88, "column": 128 } },
            { "start": { "line": 88, "column": 128 }, "end": { "line": 88, "column": 129 } }
          ],
          "line": 88
        },
        "33": {
          "loc": { "start": { "line": 88, "column": 174 }, "end": { "line": 88, "column": 184 } },
          "type": "binary-expr",
          "locations": [
            { "start": { "line": 88, "column": 174 }, "end": { "line": 88, "column": 183 } },
            { "start": { "line": 88, "column": 183 }, "end": { "line": 88, "column": 184 } }
          ],
          "line": 88
        },
        "34": {
          "loc": { "start": { "line": 94, "column": 2 }, "end": { "line": 104, "column": null } },
          "type": "cond-expr",
          "locations": [
            { "start": { "line": 95, "column": 6 }, "end": { "line": 103, "column": null } },
            { "start": { "line": 104, "column": 6 }, "end": { "line": 104, "column": null } }
          ],
          "line": 94
        },
        "35": {
          "loc": { "start": { "line": 97, "column": 24 }, "end": { "line": 97, "column": null } },
          "type": "cond-expr",
          "locations": [
            { "start": { "line": 97, "column": 61 }, "end": { "line": 97, "column": 78 } },
            { "start": { "line": 97, "column": 78 }, "end": { "line": 97, "column": null } }
          ],
          "line": 97
        },
        "36": {
          "loc": { "start": { "line": 98, "column": 28 }, "end": { "line": 98, "column": 89 } },
          "type": "binary-expr",
          "locations": [
            { "start": { "line": 98, "column": 28 }, "end": { "line": 98, "column": 45 } },
            { "start": { "line": 98, "column": 45 }, "end": { "line": 98, "column": 89 } }
          ],
          "line": 98
        },
        "37": {
          "loc": { "start": { "line": 98, "column": 52 }, "end": { "line": 98, "column": 67 } },
          "type": "binary-expr",
          "locations": [
            { "start": { "line": 98, "column": 52 }, "end": { "line": 98, "column": 66 } },
            { "start": { "line": 98, "column": 66 }, "end": { "line": 98, "column": 67 } }
          ],
          "line": 98
        },
        "38": {
          "loc": { "start": { "line": 98, "column": 78 }, "end": { "line": 98, "column": 88 } },
          "type": "binary-expr",
          "locations": [
            { "start": { "line": 98, "column": 78 }, "end": { "line": 98, "column": 87 } },
            { "start": { "line": 98, "column": 87 }, "end": { "line": 98, "column": 88 } }
          ],
          "line": 98
        },
        "39": {
          "loc": { "start": { "line": 99, "column": 28 }, "end": { "line": 99, "column": 43 } },
          "type": "binary-expr",
          "locations": [
            { "start": { "line": 99, "column": 28 }, "end": { "line": 99, "column": 42 } },
            { "start": { "line": 99, "column": 42 }, "end": { "line": 99, "column": 43 } }
          ],
          "line": 99
        },
        "40": {
          "loc": { "start": { "line": 100, "column": 29 }, "end": { "line": 100, "column": 86 } },
          "type": "binary-expr",
          "locations": [
            { "start": { "line": 100, "column": 29 }, "end": { "line": 100, "column": 51 } },
            { "start": { "line": 100, "column": 51 }, "end": { "line": 100, "column": 86 } }
          ],
          "line": 100
        },
        "41": {
          "loc": { "start": { "line": 100, "column": 51 }, "end": { "line": 100, "column": 86 } },
          "type": "cond-expr",
          "locations": [
            { "start": { "line": 100, "column": 60 }, "end": { "line": 100, "column": 84 } },
            { "start": { "line": 100, "column": 84 }, "end": { "line": 100, "column": 86 } }
          ],
          "line": 100
        },
        "42": {
          "loc": { "start": { "line": 101, "column": 40 }, "end": { "line": 101, "column": 55 } },
          "type": "binary-expr",
          "locations": [
            { "start": { "line": 101, "column": 40 }, "end": { "line": 101, "column": 54 } },
            { "start": { "line": 101, "column": 54 }, "end": { "line": 101, "column": 55 } }
          ],
          "line": 101
        },
        "43": {
          "loc": { "start": { "line": 101, "column": 86 }, "end": { "line": 101, "column": 112 } },
          "type": "binary-expr",
          "locations": [
            { "start": { "line": 101, "column": 86 }, "end": { "line": 101, "column": 107 } },
            { "start": { "line": 101, "column": 107 }, "end": { "line": 101, "column": 112 } }
          ],
          "line": 101
        },
        "44": {
          "loc": { "start": { "line": 101, "column": 153 }, "end": { "line": 101, "column": 171 } },
          "type": "cond-expr",
          "locations": [
            { "start": { "line": 101, "column": 163 }, "end": { "line": 101, "column": 169 } },
            { "start": { "line": 101, "column": 169 }, "end": { "line": 101, "column": 171 } }
          ],
          "line": 101
        }
      },
      "s": {
        "0": 0,
        "1": 0,
        "2": 0,
        "3": 0,
        "4": 0,
        "5": 0,
        "6": 0,
        "7": 0,
        "8": 0,
        "9": 0,
        "10": 0,
        "11": 0,
        "12": 0,
        "13": 0,
        "14": 0,
        "15": 0,
        "16": 0,
        "17": 0,
        "18": 0,
        "19": 0,
        "20": 0,
        "21": 0,
        "22": 0,
        "23": 0,
        "24": 0,
        "25": 0,
        "26": 0,
        "27": 0,
        "28": 0,
        "29": 0,
        "30": 0,
        "31": 0,
        "32": 0,
        "33": 0,
        "34": 0,
        "35": 0,
        "36": 0,
        "37": 0,
        "38": 0
      },
      "f": {
        "0": 0,
        "1": 0,
        "2": 0,
        "3": 0,
        "4": 0,
        "5": 0,
        "6": 0,
        "7": 0,
        "8": 0,
        "9": 0,
        "10": 0,
        "11": 0,
        "12": 0,
        "13": 0
      },
      "b": {
        "0": [0, 0],
        "1": [0, 0],
        "2": [0, 0],
        "3": [0, 0],
        "4": [0, 0],
        "5": [0, 0],
        "6": [0, 0],
        "7": [0, 0],
        "8": [0, 0],
        "9": [0, 0],
        "10": [0, 0],
        "11": [0, 0],
        "12": [0, 0],
        "13": [0, 0],
        "14": [0, 0],
        "15": [0, 0],
        "16": [0, 0],
        "17": [0, 0],
        "18": [0, 0],
        "19": [0, 0],
        "20": [0, 0],
        "21": [0, 0],
        "22": [0, 0],
        "23": [0, 0],
        "24": [0, 0],
        "25": [0, 0],
        "26": [0, 0],
        "27": [0, 0],
        "28": [0, 0],
        "29": [0, 0],
        "30": [0, 0],
        "31": [0, 0],
        "32": [0, 0],
        "33": [0, 0],
        "34": [0, 0],
        "35": [0, 0],
        "36": [0, 0],
        "37": [0, 0],
        "38": [0, 0],
        "39": [0, 0],
        "40": [0, 0],
        "41": [0, 0],
        "42": [0, 0],
        "43": [0, 0],
        "44": [0, 0]
      },
      "meta": {
        "lastBranch": 45,
        "lastFunction": 14,
        "lastStatement": 39,
        "seen": {
          "f:5:22:5:Infinity": 0,
          "s:11:15:15:Infinity": 0,
          "s:17:19:17:Infinity": 1,
          "b:17:50:17:66:17:66:17:Infinity": 0,
          "s:18:18:18:Infinity": 2,
          "b:18:48:18:63:18:63:18:Infinity": 1,
          "s:19:23:19:Infinity": 3,
          "b:19:58:19:78:19:78:19:Infinity": 2,
          "s:20:18:20:Infinity": 4,
          "b:20:48:20:63:20:63:20:Infinity": 3,
          "s:21:19:21:Infinity": 5,
          "b:21:50:21:66:21:66:21:Infinity": 4,
          "s:22:29:22:Infinity": 6,
          "b:22:70:22:96:22:96:22:Infinity": 5,
          "s:23:21:23:Infinity": 7,
          "b:23:54:23:72:23:72:23:Infinity": 6,
          "s:25:30:25:Infinity": 8,
          "b:25:30:25:80:25:80:25:Infinity": 7,
          "f:25:44:25:45": 1,
          "s:25:51:25:69": 9,
          "s:27:26:27:Infinity": 10,
          "f:27:52:27:53": 2,
          "s:27:59:27:70": 11,
          "s:28:29:28:Infinity": 12,
          "s:29:27:29:Infinity": 13,
          "f:29:45:29:46": 3,
          "s:29:52:29:90": 14,
          "b:29:52:29:76:29:76:29:90": 8,
          "s:30:28:30:Infinity": 15,
          "f:30:46:30:47": 4,
          "s:30:53:30:92": 16,
          "b:30:53:30:78:30:78:30:92": 9,
          "s:32:25:32:Infinity": 17,
          "b:32:62:32:68:32:68:32:Infinity": 10,
          "b:32:105:32:111:32:111:32:Infinity": 11,
          "s:35:18:113:Infinity": 18,
          "b:38:22:38:43:38:43:38:48": 12,
          "b:41:3:41:17:41:17:41:21": 13,
          "f:41:25:41:26": 5,
          "s:41:35:41:107": 19,
          "b:41:77:41:92:41:92:41:93": 14,
          "b:46:6:51:Infinity:52:6:52:Infinity": 15,
          "f:48:10:48:11": 6,
          "s:49:12:49:Infinity": 20,
          "b:49:78:49:90:49:90:49:91": 16,
          "b:49:133:49:146:49:146:49:147": 17,
          "b:49:188:49:203:49:203:49:249": 18,
          "b:49:210:49:223:49:223:49:224": 19,
          "b:49:235:49:247:49:247:49:248": 20,
          "b:58:6:68:Infinity:69:6:69:Infinity": 21,
          "f:59:13:59:14": 7,
          "s:60:20:60:Infinity": 21,
          "b:60:46:60:55:60:55:60:Infinity": 22,
          "s:61:26:61:Infinity": 22,
          "b:61:47:61:52:61:52:61:Infinity": 23,
          "s:62:22:62:Infinity": 23,
          "b:62:22:62:43:62:43:62:Infinity": 24,
          "s:63:23:63:Infinity": 24,
          "b:63:23:63:43:63:43:63:Infinity": 25,
          "s:64:22:64:Infinity": 25,
          "b:64:29:64:51:64:51:64:52": 26,
          "s:65:16:65:Infinity": 26,
          "b:65:24:65:42:65:42:65:46": 27,
          "s:66:10:66:Infinity": 27,
          "b:66:92:66:121:66:121:66:123": 28,
          "b:75:6:80:Infinity:81:6:81:Infinity": 29,
          "f:77:10:77:11": 8,
          "s:78:12:78:Infinity": 28,
          "b:78:58:78:70:78:70:78:71": 30,
          "f:87:4:87:5": 9,
          "s:88:6:88:Infinity": 29,
          "b:88:52:88:64:88:64:88:65": 31,
          "b:88:115:88:128:88:128:88:129": 32,
          "b:88:174:88:183:88:183:88:184": 33,
          "b:95:6:103:Infinity:104:6:104:Infinity": 34,
          "f:96:13:96:14": 10,
          "s:97:24:97:Infinity": 30,
          "b:97:61:97:78:97:78:97:Infinity": 35,
          "s:98:21:98:Infinity": 31,
          "b:98:28:98:45:98:45:98:89": 36,
          "b:98:52:98:66:98:66:98:67": 37,
          "b:98:78:98:87:98:87:98:88": 38,
          "s:99:21:99:Infinity": 32,
          "b:99:28:99:42:99:42:99:43": 39,
          "s:100:22:100:Infinity": 33,
          "b:100:29:100:51:100:51:100:86": 40,
          "b:100:60:100:84:100:84:100:86": 41,
          "s:101:10:101:Infinity": 34,
          "b:101:40:101:54:101:54:101:55": 42,
          "b:101:86:101:107:101:107:101:112": 43,
          "b:101:163:101:169:101:169:101:171": 44,
          "f:108:31:108:32": 11,
          "s:108:38:108:59": 35,
          "f:109:33:109:34": 12,
          "s:109:40:109:61": 36,
          "f:112:15:112:16": 13,
          "s:112:22:112:43": 37,
          "s:115:2:115:Infinity": 38
        }
      }
    }
  }
}
